<?xml version="1.0" encoding="UTF-8"?>
<testng-results skipped="2" failed="0" total="2" passed="0">
  <reporter-output>
  </reporter-output>
  <suite name="Default suite" duration-ms="3411" started-at="2016-10-07T07:02:55Z" finished-at="2016-10-07T07:02:58Z">
    <groups>
    </groups>
    <test name="Default test" duration-ms="3411" started-at="2016-10-07T07:02:55Z" finished-at="2016-10-07T07:02:58Z">
      <class name="com.selenium.DemoTMTestNG">
        <test-method status="FAIL" signature="setup()[pri:0, instance:com.selenium.DemoTMTestNG@5bc79255]" name="setup" is-config="true" duration-ms="0" started-at="2016-10-07T12:32:55Z" finished-at="2016-10-07T12:32:55Z">
          <exception class="java.io.FileNotFoundException">
            <message>
              <![CDATA[C:\WORK_ENV\workspace\demoTMApplicationSelenium\src\test\java\com\testData\TestData.xlsx (The system cannot find the path specified)]]>
            </message>
            <full-stacktrace>
              <![CDATA[java.io.FileNotFoundException: C:\WORK_ENV\workspace\demoTMApplicationSelenium\src\test\java\com\testData\TestData.xlsx (The system cannot find the path specified)
	at java.io.FileInputStream.open0(Native Method)
	at java.io.FileInputStream.open(FileInputStream.java:195)
	at java.io.FileInputStream.<init>(FileInputStream.java:138)
	at java.io.FileInputStream.<init>(FileInputStream.java:93)
	at com.selenium.utility.ExcelUtils.setExcelFile(ExcelUtils.java:33)
	at com.selenium.DemoTMTestNG.setup(DemoTMTestNG.java:34)
	at sun.reflect.NativeMethodAccessorImpl.invoke0(Native Method)
	at sun.reflect.NativeMethodAccessorImpl.invoke(NativeMethodAccessorImpl.java:62)
	at sun.reflect.DelegatingMethodAccessorImpl.invoke(DelegatingMethodAccessorImpl.java:43)
	at java.lang.reflect.Method.invoke(Method.java:497)
	at org.testng.internal.MethodInvocationHelper.invokeMethod(MethodInvocationHelper.java:80)
	at org.testng.internal.Invoker.invokeConfigurationMethod(Invoker.java:564)
	at org.testng.internal.Invoker.invokeConfigurations(Invoker.java:213)
	at org.testng.internal.Invoker.invokeConfigurations(Invoker.java:138)
	at org.testng.internal.TestMethodWorker.invokeBeforeClassMethods(TestMethodWorker.java:175)
	at org.testng.internal.TestMethodWorker.run(TestMethodWorker.java:107)
	at org.testng.TestRunner.privateRun(TestRunner.java:767)
	at org.testng.TestRunner.run(TestRunner.java:617)
	at org.testng.SuiteRunner.runTest(SuiteRunner.java:334)
	at org.testng.SuiteRunner.runSequentially(SuiteRunner.java:329)
	at org.testng.SuiteRunner.privateRun(SuiteRunner.java:291)
	at org.testng.SuiteRunner.run(SuiteRunner.java:240)
	at org.testng.SuiteRunnerWorker.runSuite(SuiteRunnerWorker.java:52)
	at org.testng.SuiteRunnerWorker.run(SuiteRunnerWorker.java:86)
	at org.testng.TestNG.runSuitesSequentially(TestNG.java:1198)
	at org.testng.TestNG.runSuitesLocally(TestNG.java:1123)
	at org.testng.TestNG.run(TestNG.java:1031)
	at org.testng.remote.AbstractRemoteTestNG.run(AbstractRemoteTestNG.java:126)
	at org.testng.remote.RemoteTestNG.initAndRun(RemoteTestNG.java:152)
	at org.testng.remote.RemoteTestNG.main(RemoteTestNG.java:57)
]]>
            </full-stacktrace>
          </exception> <!-- java.io.FileNotFoundException -->
          <reporter-output>
          </reporter-output>
        </test-method> <!-- setup -->
        <test-method status="SKIP" signature="LoginTestCase1()[pri:0, instance:com.selenium.DemoTMTestNG@5bc79255]" name="LoginTestCase1" duration-ms="1" started-at="2016-10-07T12:32:58Z" finished-at="2016-10-07T12:32:58Z">
          <reporter-output>
          </reporter-output>
        </test-method> <!-- LoginTestCase1 -->
        <test-method status="SKIP" signature="headerCheckTestCase1()[pri:0, instance:com.selenium.DemoTMTestNG@5bc79255]" name="headerCheckTestCase1" duration-ms="1" started-at="2016-10-07T12:32:58Z" finished-at="2016-10-07T12:32:58Z">
          <reporter-output>
          </reporter-output>
        </test-method> <!-- headerCheckTestCase1 -->
        <test-method status="SKIP" signature="exit()[pri:0, instance:com.selenium.DemoTMTestNG@5bc79255]" name="exit" is-config="true" duration-ms="0" started-at="2016-10-07T12:32:58Z" finished-at="2016-10-07T12:32:58Z">
          <reporter-output>
          </reporter-output>
        </test-method> <!-- exit -->
      </class> <!-- com.selenium.DemoTMTestNG -->
    </test> <!-- Default test -->
  </suite> <!-- Default suite -->
</testng-results>
